/cvmfs/cms.cern.ch/el8_amd64_gcc10/lcg/root/6.24.07-6b24df5a7040a677b8f0d27957c7cb74/lib/cppyy_backend/loader.py:113: UserWarning: No precompiled header available (/cvmfs/cms.cern.ch/el8_amd64_gcc10/lcg/root/6.24.07-6b24df5a7040a677b8f0d27957c7cb74/lib/cppyy_backend/etc not writable); this may impact performance.
  warnings.warn('No precompiled header available (%s); this may impact performance.' % msg)
Processing as a DAS dataset path: /TTGamma_Hadronic_TuneCP5_13TeV-madgraph-pythia8/RunIISummer20UL17NanoAODv9-106X_mc2017_realistic_v9-v1/NANOAODSIM
allinone
COLLECT root files in: /TTGamma_Hadronic_TuneCP5_13TeV-madgraph-pythia8/RunIISummer20UL17NanoAODv9-106X_mc2017_realistic_v9-v1/NANOAODSIM
Detected a dataset path, querying DAS using dasgoclient
Files found in dataset: ['root://cmsxrootd.fnal.gov//store/mc/RunIISummer20UL17NanoAODv9/TTGamma_Hadronic_TuneCP5_13TeV-madgraph-pythia8/NANOAODSIM/106X_mc2017_realistic_v9-v1/270000/1B8826D8-B589-424C-98EB-3D6857980317.root', 'root://cmsxrootd.fnal.gov//store/mc/RunIISummer20UL17NanoAODv9/TTGamma_Hadronic_TuneCP5_13TeV-madgraph-pythia8/NANOAODSIM/106X_mc2017_realistic_v9-v1/270000/411A4011-7F0B-D24C-8964-CE08029EF2E0.root', 'root://cmsxrootd.fnal.gov//store/mc/RunIISummer20UL17NanoAODv9/TTGamma_Hadronic_TuneCP5_13TeV-madgraph-pythia8/NANOAODSIM/106X_mc2017_realistic_v9-v1/270000/1C8BB050-E966-F248-AFEA-16A90FECD1BA.root', 'root://cmsxrootd.fnal.gov//store/mc/RunIISummer20UL17NanoAODv9/TTGamma_Hadronic_TuneCP5_13TeV-madgraph-pythia8/NANOAODSIM/106X_mc2017_realistic_v9-v1/270000/1B24CC21-60B4-894D-975A-E81AB88C1AE5.root', 'root://cmsxrootd.fnal.gov//store/mc/RunIISummer20UL17NanoAODv9/TTGamma_Hadronic_TuneCP5_13TeV-madgraph-pythia8/NANOAODSIM/106X_mc2017_realistic_v9-v1/270000/FC2F3D56-C999-9040-8D65-21845C290BBE.root', 'root://cmsxrootd.fnal.gov//store/mc/RunIISummer20UL17NanoAODv9/TTGamma_Hadronic_TuneCP5_13TeV-madgraph-pythia8/NANOAODSIM/106X_mc2017_realistic_v9-v1/270000/68B675A3-C315-9F4D-B1D7-EF9867B80004.root', 'root://cmsxrootd.fnal.gov//store/mc/RunIISummer20UL17NanoAODv9/TTGamma_Hadronic_TuneCP5_13TeV-madgraph-pythia8/NANOAODSIM/106X_mc2017_realistic_v9-v1/270000/6562F95E-E866-CE47-9C5C-68D777A4007A.root', 'root://cmsxrootd.fnal.gov//store/mc/RunIISummer20UL17NanoAODv9/TTGamma_Hadronic_TuneCP5_13TeV-madgraph-pythia8/NANOAODSIM/106X_mc2017_realistic_v9-v1/270000/C4FD2DCF-293F-C544-B0F6-E34C45820C33.root', 'root://cmsxrootd.fnal.gov//store/mc/RunIISummer20UL17NanoAODv9/TTGamma_Hadronic_TuneCP5_13TeV-madgraph-pythia8/NANOAODSIM/106X_mc2017_realistic_v9-v1/270000/87A5A590-4F93-9742-B488-C6F44B1F141E.root', 'root://cmsxrootd.fnal.gov//store/mc/RunIISummer20UL17NanoAODv9/TTGamma_Hadronic_TuneCP5_13TeV-madgraph-pythia8/NANOAODSIM/106X_mc2017_realistic_v9-v1/270000/395B4296-D2B6-2241-BEFD-A078CC3367DF.root', 'root://cmsxrootd.fnal.gov//store/mc/RunIISummer20UL17NanoAODv9/TTGamma_Hadronic_TuneCP5_13TeV-madgraph-pythia8/NANOAODSIM/106X_mc2017_realistic_v9-v1/270000/B579A4E5-3044-A64F-B586-65822EACD0AE.root', 'root://cmsxrootd.fnal.gov//store/mc/RunIISummer20UL17NanoAODv9/TTGamma_Hadronic_TuneCP5_13TeV-madgraph-pythia8/NANOAODSIM/106X_mc2017_realistic_v9-v1/270000/30363A13-CAB6-3040-AF3A-B581C89FE21D.root', 'root://cmsxrootd.fnal.gov//store/mc/RunIISummer20UL17NanoAODv9/TTGamma_Hadronic_TuneCP5_13TeV-madgraph-pythia8/NANOAODSIM/106X_mc2017_realistic_v9-v1/270000/448F6030-6355-B345-AF8A-09468D53074C.root', 'root://cmsxrootd.fnal.gov//store/mc/RunIISummer20UL17NanoAODv9/TTGamma_Hadronic_TuneCP5_13TeV-madgraph-pythia8/NANOAODSIM/106X_mc2017_realistic_v9-v1/270000/CEDFE83F-6CA9-A448-BD8D-39CFF8E01A4C.root', 'root://cmsxrootd.fnal.gov//store/mc/RunIISummer20UL17NanoAODv9/TTGamma_Hadronic_TuneCP5_13TeV-madgraph-pythia8/NANOAODSIM/106X_mc2017_realistic_v9-v1/270000/AF096EDC-63E4-2B4A-9B55-D138E30D03B8.root', 'root://cmsxrootd.fnal.gov//store/mc/RunIISummer20UL17NanoAODv9/TTGamma_Hadronic_TuneCP5_13TeV-madgraph-pythia8/NANOAODSIM/106X_mc2017_realistic_v9-v1/270000/77A02D5B-5634-4645-97AB-A60A6E5F2141.root', 'root://cmsxrootd.fnal.gov//store/mc/RunIISummer20UL17NanoAODv9/TTGamma_Hadronic_TuneCP5_13TeV-madgraph-pythia8/NANOAODSIM/106X_mc2017_realistic_v9-v1/270000/E878B1C8-F95B-0E45-9EE1-58EF9CE52961.root', 'root://cmsxrootd.fnal.gov//store/mc/RunIISummer20UL17NanoAODv9/TTGamma_Hadronic_TuneCP5_13TeV-madgraph-pythia8/NANOAODSIM/106X_mc2017_realistic_v9-v1/270000/CB85F852-305E-0D44-A25B-20E424711F25.root', 'root://cmsxrootd.fnal.gov//store/mc/RunIISummer20UL17NanoAODv9/TTGamma_Hadronic_TuneCP5_13TeV-madgraph-pythia8/NANOAODSIM/106X_mc2017_realistic_v9-v1/270000/0B4D265E-5FD8-4345-8DD8-20A0781963D7.root', 'root://cmsxrootd.fnal.gov//store/mc/RunIISummer20UL17NanoAODv9/TTGamma_Hadronic_TuneCP5_13TeV-madgraph-pythia8/NANOAODSIM/106X_mc2017_realistic_v9-v1/270000/D9801548-E5FC-334C-AD2E-E877CF76C01E.root']
Adding file to TChain: root://cmsxrootd.fnal.gov//store/mc/RunIISummer20UL17NanoAODv9/TTGamma_Hadronic_TuneCP5_13TeV-madgraph-pythia8/NANOAODSIM/106X_mc2017_realistic_v9-v1/270000/1B8826D8-B589-424C-98EB-3D6857980317.root
Adding file to TChain: root://cmsxrootd.fnal.gov//store/mc/RunIISummer20UL17NanoAODv9/TTGamma_Hadronic_TuneCP5_13TeV-madgraph-pythia8/NANOAODSIM/106X_mc2017_realistic_v9-v1/270000/411A4011-7F0B-D24C-8964-CE08029EF2E0.root
Adding file to TChain: root://cmsxrootd.fnal.gov//store/mc/RunIISummer20UL17NanoAODv9/TTGamma_Hadronic_TuneCP5_13TeV-madgraph-pythia8/NANOAODSIM/106X_mc2017_realistic_v9-v1/270000/1C8BB050-E966-F248-AFEA-16A90FECD1BA.root
Adding file to TChain: root://cmsxrootd.fnal.gov//store/mc/RunIISummer20UL17NanoAODv9/TTGamma_Hadronic_TuneCP5_13TeV-madgraph-pythia8/NANOAODSIM/106X_mc2017_realistic_v9-v1/270000/1B24CC21-60B4-894D-975A-E81AB88C1AE5.root
Adding file to TChain: root://cmsxrootd.fnal.gov//store/mc/RunIISummer20UL17NanoAODv9/TTGamma_Hadronic_TuneCP5_13TeV-madgraph-pythia8/NANOAODSIM/106X_mc2017_realistic_v9-v1/270000/FC2F3D56-C999-9040-8D65-21845C290BBE.root
Adding file to TChain: root://cmsxrootd.fnal.gov//store/mc/RunIISummer20UL17NanoAODv9/TTGamma_Hadronic_TuneCP5_13TeV-madgraph-pythia8/NANOAODSIM/106X_mc2017_realistic_v9-v1/270000/68B675A3-C315-9F4D-B1D7-EF9867B80004.root
Adding file to TChain: root://cmsxrootd.fnal.gov//store/mc/RunIISummer20UL17NanoAODv9/TTGamma_Hadronic_TuneCP5_13TeV-madgraph-pythia8/NANOAODSIM/106X_mc2017_realistic_v9-v1/270000/6562F95E-E866-CE47-9C5C-68D777A4007A.root
Adding file to TChain: root://cmsxrootd.fnal.gov//store/mc/RunIISummer20UL17NanoAODv9/TTGamma_Hadronic_TuneCP5_13TeV-madgraph-pythia8/NANOAODSIM/106X_mc2017_realistic_v9-v1/270000/C4FD2DCF-293F-C544-B0F6-E34C45820C33.root
Adding file to TChain: root://cmsxrootd.fnal.gov//store/mc/RunIISummer20UL17NanoAODv9/TTGamma_Hadronic_TuneCP5_13TeV-madgraph-pythia8/NANOAODSIM/106X_mc2017_realistic_v9-v1/270000/87A5A590-4F93-9742-B488-C6F44B1F141E.root
Adding file to TChain: root://cmsxrootd.fnal.gov//store/mc/RunIISummer20UL17NanoAODv9/TTGamma_Hadronic_TuneCP5_13TeV-madgraph-pythia8/NANOAODSIM/106X_mc2017_realistic_v9-v1/270000/395B4296-D2B6-2241-BEFD-A078CC3367DF.root
Adding file to TChain: root://cmsxrootd.fnal.gov//store/mc/RunIISummer20UL17NanoAODv9/TTGamma_Hadronic_TuneCP5_13TeV-madgraph-pythia8/NANOAODSIM/106X_mc2017_realistic_v9-v1/270000/B579A4E5-3044-A64F-B586-65822EACD0AE.root
Adding file to TChain: root://cmsxrootd.fnal.gov//store/mc/RunIISummer20UL17NanoAODv9/TTGamma_Hadronic_TuneCP5_13TeV-madgraph-pythia8/NANOAODSIM/106X_mc2017_realistic_v9-v1/270000/30363A13-CAB6-3040-AF3A-B581C89FE21D.root
Adding file to TChain: root://cmsxrootd.fnal.gov//store/mc/RunIISummer20UL17NanoAODv9/TTGamma_Hadronic_TuneCP5_13TeV-madgraph-pythia8/NANOAODSIM/106X_mc2017_realistic_v9-v1/270000/448F6030-6355-B345-AF8A-09468D53074C.root
Adding file to TChain: root://cmsxrootd.fnal.gov//store/mc/RunIISummer20UL17NanoAODv9/TTGamma_Hadronic_TuneCP5_13TeV-madgraph-pythia8/NANOAODSIM/106X_mc2017_realistic_v9-v1/270000/CEDFE83F-6CA9-A448-BD8D-39CFF8E01A4C.root
Adding file to TChain: root://cmsxrootd.fnal.gov//store/mc/RunIISummer20UL17NanoAODv9/TTGamma_Hadronic_TuneCP5_13TeV-madgraph-pythia8/NANOAODSIM/106X_mc2017_realistic_v9-v1/270000/AF096EDC-63E4-2B4A-9B55-D138E30D03B8.root
Adding file to TChain: root://cmsxrootd.fnal.gov//store/mc/RunIISummer20UL17NanoAODv9/TTGamma_Hadronic_TuneCP5_13TeV-madgraph-pythia8/NANOAODSIM/106X_mc2017_realistic_v9-v1/270000/77A02D5B-5634-4645-97AB-A60A6E5F2141.root
Adding file to TChain: root://cmsxrootd.fnal.gov//store/mc/RunIISummer20UL17NanoAODv9/TTGamma_Hadronic_TuneCP5_13TeV-madgraph-pythia8/NANOAODSIM/106X_mc2017_realistic_v9-v1/270000/E878B1C8-F95B-0E45-9EE1-58EF9CE52961.root
Adding file to TChain: root://cmsxrootd.fnal.gov//store/mc/RunIISummer20UL17NanoAODv9/TTGamma_Hadronic_TuneCP5_13TeV-madgraph-pythia8/NANOAODSIM/106X_mc2017_realistic_v9-v1/270000/CB85F852-305E-0D44-A25B-20E424711F25.root
Adding file to TChain: root://cmsxrootd.fnal.gov//store/mc/RunIISummer20UL17NanoAODv9/TTGamma_Hadronic_TuneCP5_13TeV-madgraph-pythia8/NANOAODSIM/106X_mc2017_realistic_v9-v1/270000/0B4D265E-5FD8-4345-8DD8-20A0781963D7.root
Adding file to TChain: root://cmsxrootd.fnal.gov//store/mc/RunIISummer20UL17NanoAODv9/TTGamma_Hadronic_TuneCP5_13TeV-madgraph-pythia8/NANOAODSIM/106X_mc2017_realistic_v9-v1/270000/D9801548-E5FC-334C-AD2E-E877CF76C01E.root
Traceback (most recent call last):
  File "/uscms_data/d3/snehshuc/TopAnalysis/CMSSW_12_3_4/src/TopSemiLept/./skimnanoaod.py", line 338, in <module>
    Nanoaodprocessor_singledir (indir, outdir, procflags, config) # although it says outdir, it should really be a output ROOT file name
  File "/uscms_data/d3/snehshuc/TopAnalysis/CMSSW_12_3_4/src/TopSemiLept/./skimnanoaod.py", line 282, in Nanoaodprocessor_singledir
    aproc = ROOT.SkimEvents(t, outputroot)
  File "/cvmfs/cms.cern.ch/el8_amd64_gcc10/lcg/root/6.24.07-6b24df5a7040a677b8f0d27957c7cb74/lib/ROOT/_facade.py", line 192, in _fallback_getattr
    raise AttributeError("Failed to get attribute {} from ROOT".format(name))
AttributeError: Failed to get attribute SkimEvents from ROOT
