/cvmfs/cms.cern.ch/el8_amd64_gcc10/lcg/root/6.24.07-6b24df5a7040a677b8f0d27957c7cb74/lib/cppyy_backend/loader.py:113: UserWarning: No precompiled header available (/cvmfs/cms.cern.ch/el8_amd64_gcc10/lcg/root/6.24.07-6b24df5a7040a677b8f0d27957c7cb74/lib/cppyy_backend/etc not writable); this may impact performance.
  warnings.warn('No precompiled header available (%s); this may impact performance.' % msg)
TClass::Init:0: RuntimeWarning: no dictionary for class __pair_base<edm::Hash<1>,edm::ParameterSetBlob> is available
Analysing through Run 2017
Ultra Legacy Selected 
-------------------------------------------------------------------
Default root version :checking out gen branches! 
-------------------------------------------------------------------
input file is MC
set up Corrections!
Rochester correction files: data/MUO/2017_UL/RoccoR2017UL.txt
================================//=================================
MUON JSON FILE : data/MUO/2017_UL/muon_Z.json.gz
MUON HLT type in JSON  : NUM_IsoMu27_DEN_CutBasedIdTight_and_PFIsoTight
MUON RECO type in JSON  : NUM_TrackerMuons_DEN_genTracks
MUON ID type in JSON  : NUM_MediumID_DEN_TrackerMuons
MUON ISO type in JSON  : NUM_TightRelIso_DEN_MediumID
================================//=================================
ELECTRON JSON FILE : data/EGM/2017_UL/electron.json.gz
ELECTRON RECO type in JSON  : RecoAbove20
ELECTRONID type in JSON  : Tight
================================//=================================
SETUP JETMET correction
JERC JSON file : data/JERC/UL17_jerc.json
JET tag in JSON : Summer19UL17_V5_MC_L1L2L3Res_AK4PFchs
JET uncertainity tag in JSON  : Summer19UL17_V5_MC_Total_AK4PFchs
================================//=================================
apply JETMET correction
apply Muon Pt correction
indir in main: /TTTo2L2Nu_TuneCP5_13TeV-powheg-pythia8/RunIISummer20UL17NanoAODv9-106X_mc2017_realistic_v9-v1/NANOAODSIM
Processing as a DAS dataset path: /TTTo2L2Nu_TuneCP5_13TeV-powheg-pythia8/RunIISummer20UL17NanoAODv9-106X_mc2017_realistic_v9-v1/NANOAODSIM
Processing sample TTbar_Dilept as a DAS dataset path: /TTTo2L2Nu_TuneCP5_13TeV-powheg-pythia8/RunIISummer20UL17NanoAODv9-106X_mc2017_realistic_v9-v1/NANOAODSIM
COLLECT root files in: /TTTo2L2Nu_TuneCP5_13TeV-powheg-pythia8/RunIISummer20UL17NanoAODv9-106X_mc2017_realistic_v9-v1/NANOAODSIM
Detected a dataset path, querying DAS using dasgoclient
Adding file to TChain: root://cmsxrootd.fnal.gov//store/mc/RunIISummer20UL17NanoAODv9/TTTo2L2Nu_TuneCP5_13TeV-powheg-pythia8/NANOAODSIM/106X_mc2017_realistic_v9-v1/2510000/EFBBD9DF-1B6A-C54A-9CA5-704B819BB6A8.root
Adding file to TChain: root://cmsxrootd.fnal.gov//store/mc/RunIISummer20UL17NanoAODv9/TTTo2L2Nu_TuneCP5_13TeV-powheg-pythia8/NANOAODSIM/106X_mc2017_realistic_v9-v1/2510000/E7185D42-E19B-4743-B5D2-2D2A008AB656.root
Adding file to TChain: root://cmsxrootd.fnal.gov//store/mc/RunIISummer20UL17NanoAODv9/TTTo2L2Nu_TuneCP5_13TeV-powheg-pythia8/NANOAODSIM/106X_mc2017_realistic_v9-v1/2510000/47450C94-04DF-7048-A46E-E77DEFE35A0A.root
Adding file to TChain: root://cmsxrootd.fnal.gov//store/mc/RunIISummer20UL17NanoAODv9/TTTo2L2Nu_TuneCP5_13TeV-powheg-pythia8/NANOAODSIM/106X_mc2017_realistic_v9-v1/2510000/C9E789DD-BB0B-0344-84C0-FDA560DD2E94.root
Adding file to TChain: root://cmsxrootd.fnal.gov//store/mc/RunIISummer20UL17NanoAODv9/TTTo2L2Nu_TuneCP5_13TeV-powheg-pythia8/NANOAODSIM/106X_mc2017_realistic_v9-v1/2510000/3FBB724F-E747-3D41-84F6-21224B62F3F7.root
Adding file to TChain: root://cmsxrootd.fnal.gov//store/mc/RunIISummer20UL17NanoAODv9/TTTo2L2Nu_TuneCP5_13TeV-powheg-pythia8/NANOAODSIM/106X_mc2017_realistic_v9-v1/2510000/E20B15CA-EE5D-9140-A72D-66A3E861F364.root
Adding file to TChain: root://cmsxrootd.fnal.gov//store/mc/RunIISummer20UL17NanoAODv9/TTTo2L2Nu_TuneCP5_13TeV-powheg-pythia8/NANOAODSIM/106X_mc2017_realistic_v9-v1/2510000/2A429AF2-DE56-5E4D-A393-69B8C9DFD6CA.root
Adding file to TChain: root://cmsxrootd.fnal.gov//store/mc/RunIISummer20UL17NanoAODv9/TTTo2L2Nu_TuneCP5_13TeV-powheg-pythia8/NANOAODSIM/106X_mc2017_realistic_v9-v1/2510000/D90D8C3C-C9BA-E649-B040-23E044CF83B6.root
Adding file to TChain: root://cmsxrootd.fnal.gov//store/mc/RunIISummer20UL17NanoAODv9/TTTo2L2Nu_TuneCP5_13TeV-powheg-pythia8/NANOAODSIM/106X_mc2017_realistic_v9-v1/2510000/DEEDAACC-97D6-3B44-8D71-D6E5F30A03A5.root
Adding file to TChain: root://cmsxrootd.fnal.gov//store/mc/RunIISummer20UL17NanoAODv9/TTTo2L2Nu_TuneCP5_13TeV-powheg-pythia8/NANOAODSIM/106X_mc2017_realistic_v9-v1/2510000/1DF4A2CB-D908-2648-9F63-C3DC37707E93.root
Adding file to TChain: root://cmsxrootd.fnal.gov//store/mc/RunIISummer20UL17NanoAODv9/TTTo2L2Nu_TuneCP5_13TeV-powheg-pythia8/NANOAODSIM/106X_mc2017_realistic_v9-v1/2510000/2D764A69-C69D-BB41-8FDE-D85BA88A9055.root
Adding file to TChain: root://cmsxrootd.fnal.gov//store/mc/RunIISummer20UL17NanoAODv9/TTTo2L2Nu_TuneCP5_13TeV-powheg-pythia8/NANOAODSIM/106X_mc2017_realistic_v9-v1/2510000/35576172-00C8-5D42-977A-D53B4847DD4A.root
Adding file to TChain: root://cmsxrootd.fnal.gov//store/mc/RunIISummer20UL17NanoAODv9/TTTo2L2Nu_TuneCP5_13TeV-powheg-pythia8/NANOAODSIM/106X_mc2017_realistic_v9-v1/2510000/B83ADE54-44E2-2341-B389-423E33B952F1.root
Adding file to TChain: root://cmsxrootd.fnal.gov//store/mc/RunIISummer20UL17NanoAODv9/TTTo2L2Nu_TuneCP5_13TeV-powheg-pythia8/NANOAODSIM/106X_mc2017_realistic_v9-v1/2510000/AC24CEB2-EFA5-8047-89E3-A60570FCF48D.root
Adding file to TChain: root://cmsxrootd.fnal.gov//store/mc/RunIISummer20UL17NanoAODv9/TTTo2L2Nu_TuneCP5_13TeV-powheg-pythia8/NANOAODSIM/106X_mc2017_realistic_v9-v1/2510000/2697A553-4F09-9842-B942-37B9A8624343.root
Adding file to TChain: root://cmsxrootd.fnal.gov//store/mc/RunIISummer20UL17NanoAODv9/TTTo2L2Nu_TuneCP5_13TeV-powheg-pythia8/NANOAODSIM/106X_mc2017_realistic_v9-v1/2510000/3DBA0953-8993-294C-867B-6515EE28E334.root
Adding file to TChain: root://cmsxrootd.fnal.gov//store/mc/RunIISummer20UL17NanoAODv9/TTTo2L2Nu_TuneCP5_13TeV-powheg-pythia8/NANOAODSIM/106X_mc2017_realistic_v9-v1/2510000/2F927F33-BC10-B240-8BC9-3F05C92979C5.root
Adding file to TChain: root://cmsxrootd.fnal.gov//store/mc/RunIISummer20UL17NanoAODv9/TTTo2L2Nu_TuneCP5_13TeV-powheg-pythia8/NANOAODSIM/106X_mc2017_realistic_v9-v1/2510000/EE4C3954-7374-C846-A1D3-4DA821D46F97.root
Adding file to TChain: root://cmsxrootd.fnal.gov//store/mc/RunIISummer20UL17NanoAODv9/TTTo2L2Nu_TuneCP5_13TeV-powheg-pythia8/NANOAODSIM/106X_mc2017_realistic_v9-v1/2510000/E4F824A3-3F8C-564F-9AF4-6556DF7D3CC9.root
Adding file to TChain: root://cmsxrootd.fnal.gov//store/mc/RunIISummer20UL17NanoAODv9/TTTo2L2Nu_TuneCP5_13TeV-powheg-pythia8/NANOAODSIM/106X_mc2017_realistic_v9-v1/2510000/2D5262FE-F3BA-F142-9045-BCCE65DA5D10.root
Adding file to TChain: root://cmsxrootd.fnal.gov//store/mc/RunIISummer20UL17NanoAODv9/TTTo2L2Nu_TuneCP5_13TeV-powheg-pythia8/NANOAODSIM/106X_mc2017_realistic_v9-v1/2510000/C3D3A402-E71C-C84D-AD85-4881BD795D09.root
Adding file to TChain: root://cmsxrootd.fnal.gov//store/mc/RunIISummer20UL17NanoAODv9/TTTo2L2Nu_TuneCP5_13TeV-powheg-pythia8/NANOAODSIM/106X_mc2017_realistic_v9-v1/2510000/74AEE4CE-B242-4242-9AD9-382EEEFB223C.root
Adding file to TChain: root://cmsxrootd.fnal.gov//store/mc/RunIISummer20UL17NanoAODv9/TTTo2L2Nu_TuneCP5_13TeV-powheg-pythia8/NANOAODSIM/106X_mc2017_realistic_v9-v1/2510000/DB0C948B-3FED-384D-AF48-B4275AEA6EC2.root
Adding file to TChain: root://cmsxrootd.fnal.gov//store/mc/RunIISummer20UL17NanoAODv9/TTTo2L2Nu_TuneCP5_13TeV-powheg-pythia8/NANOAODSIM/106X_mc2017_realistic_v9-v1/2510000/CBB4B9A0-B1A8-0B41-A665-72EA25FF743C.root
Adding file to TChain: root://cmsxrootd.fnal.gov//store/mc/RunIISummer20UL17NanoAODv9/TTTo2L2Nu_TuneCP5_13TeV-powheg-pythia8/NANOAODSIM/106X_mc2017_realistic_v9-v1/2510000/ED27C35F-833B-5B40-816A-E635ECFD455C.root
Adding file to TChain: root://cmsxrootd.fnal.gov//store/mc/RunIISummer20UL17NanoAODv9/TTTo2L2Nu_TuneCP5_13TeV-powheg-pythia8/NANOAODSIM/106X_mc2017_realistic_v9-v1/2510000/3D9CF396-C486-E54D-8896-3614F421C0A6.root
Adding file to TChain: root://cmsxrootd.fnal.gov//store/mc/RunIISummer20UL17NanoAODv9/TTTo2L2Nu_TuneCP5_13TeV-powheg-pythia8/NANOAODSIM/106X_mc2017_realistic_v9-v1/2510000/CB838D6F-6B19-B148-9854-84D42DDC522D.root
Adding file to TChain: root://cmsxrootd.fnal.gov//store/mc/RunIISummer20UL17NanoAODv9/TTTo2L2Nu_TuneCP5_13TeV-powheg-pythia8/NANOAODSIM/106X_mc2017_realistic_v9-v1/2510000/DCD5F8E3-01F9-A64F-82A3-20C8D6BBA5A2.root
Adding file to TChain: root://cmsxrootd.fnal.gov//store/mc/RunIISummer20UL17NanoAODv9/TTTo2L2Nu_TuneCP5_13TeV-powheg-pythia8/NANOAODSIM/106X_mc2017_realistic_v9-v1/2510000/011F120E-2342-D046-A22B-88307336493B.root
Adding file to TChain: root://cmsxrootd.fnal.gov//store/mc/RunIISummer20UL17NanoAODv9/TTTo2L2Nu_TuneCP5_13TeV-powheg-pythia8/NANOAODSIM/106X_mc2017_realistic_v9-v1/2510000/92E5F8D5-1215-9845-85CC-5FB42AEF99E5.root
Adding file to TChain: root://cmsxrootd.fnal.gov//store/mc/RunIISummer20UL17NanoAODv9/TTTo2L2Nu_TuneCP5_13TeV-powheg-pythia8/NANOAODSIM/106X_mc2017_realistic_v9-v1/2510000/A5836D7B-01E0-624B-BC77-D75A402B903F.root
Adding file to TChain: root://cmsxrootd.fnal.gov//store/mc/RunIISummer20UL17NanoAODv9/TTTo2L2Nu_TuneCP5_13TeV-powheg-pythia8/NANOAODSIM/106X_mc2017_realistic_v9-v1/2510000/AF3EC52D-5109-A94D-876A-AFCC224E3944.root
Adding file to TChain: root://cmsxrootd.fnal.gov//store/mc/RunIISummer20UL17NanoAODv9/TTTo2L2Nu_TuneCP5_13TeV-powheg-pythia8/NANOAODSIM/106X_mc2017_realistic_v9-v1/2510000/07F196D4-5C39-CC42-9F56-B19566C4C411.root
Adding file to TChain: root://cmsxrootd.fnal.gov//store/mc/RunIISummer20UL17NanoAODv9/TTTo2L2Nu_TuneCP5_13TeV-powheg-pythia8/NANOAODSIM/106X_mc2017_realistic_v9-v1/2510000/9F807EE9-0568-9B4C-9422-170B9731CF77.root
Adding file to TChain: root://cmsxrootd.fnal.gov//store/mc/RunIISummer20UL17NanoAODv9/TTTo2L2Nu_TuneCP5_13TeV-powheg-pythia8/NANOAODSIM/106X_mc2017_realistic_v9-v1/2510000/3DE27AC4-666E-814E-81E4-FAEA41E27A70.root
Adding file to TChain: root://cmsxrootd.fnal.gov//store/mc/RunIISummer20UL17NanoAODv9/TTTo2L2Nu_TuneCP5_13TeV-powheg-pythia8/NANOAODSIM/106X_mc2017_realistic_v9-v1/2510000/30022763-68EB-314F-99EB-7ABCA2156173.root
Adding file to TChain: root://cmsxrootd.fnal.gov//store/mc/RunIISummer20UL17NanoAODv9/TTTo2L2Nu_TuneCP5_13TeV-powheg-pythia8/NANOAODSIM/106X_mc2017_realistic_v9-v1/2510000/292B87E5-487C-5E4D-95F2-3A9DEAF9F91D.root
Adding file to TChain: root://cmsxrootd.fnal.gov//store/mc/RunIISummer20UL17NanoAODv9/TTTo2L2Nu_TuneCP5_13TeV-powheg-pythia8/NANOAODSIM/106X_mc2017_realistic_v9-v1/2510000/E9F4B62D-CD54-DF41-B0AE-AFA44FD81068.root
Adding file to TChain: root://cmsxrootd.fnal.gov//store/mc/RunIISummer20UL17NanoAODv9/TTTo2L2Nu_TuneCP5_13TeV-powheg-pythia8/NANOAODSIM/106X_mc2017_realistic_v9-v1/2510000/FE36F1D8-BED8-A14D-BB5E-D3FFB842EFE8.root
Adding file to TChain: root://cmsxrootd.fnal.gov//store/mc/RunIISummer20UL17NanoAODv9/TTTo2L2Nu_TuneCP5_13TeV-powheg-pythia8/NANOAODSIM/106X_mc2017_realistic_v9-v1/2510000/914C49F6-D620-5E4C-A475-E38B575356D5.root
Adding file to TChain: root://cmsxrootd.fnal.gov//store/mc/RunIISummer20UL17NanoAODv9/TTTo2L2Nu_TuneCP5_13TeV-powheg-pythia8/NANOAODSIM/106X_mc2017_realistic_v9-v1/2510000/47C6CCFD-2B70-994C-97D4-3EB9FEBC4C4E.root
Adding file to TChain: root://cmsxrootd.fnal.gov//store/mc/RunIISummer20UL17NanoAODv9/TTTo2L2Nu_TuneCP5_13TeV-powheg-pythia8/NANOAODSIM/106X_mc2017_realistic_v9-v1/2510000/AC1E7C96-1E0D-F447-912B-50BD8D549516.root
Adding file to TChain: root://cmsxrootd.fnal.gov//store/mc/RunIISummer20UL17NanoAODv9/TTTo2L2Nu_TuneCP5_13TeV-powheg-pythia8/NANOAODSIM/106X_mc2017_realistic_v9-v1/2510000/1E5B137F-0C15-9047-BE08-FCA99C0C6B5C.root
Adding file to TChain: root://cmsxrootd.fnal.gov//store/mc/RunIISummer20UL17NanoAODv9/TTTo2L2Nu_TuneCP5_13TeV-powheg-pythia8/NANOAODSIM/106X_mc2017_realistic_v9-v1/2510000/C79BBB5A-2D85-2343-824D-5319B4672839.root
Adding file to TChain: root://cmsxrootd.fnal.gov//store/mc/RunIISummer20UL17NanoAODv9/TTTo2L2Nu_TuneCP5_13TeV-powheg-pythia8/NANOAODSIM/106X_mc2017_realistic_v9-v1/2510000/03C84A48-9047-764A-941E-258A77585277.root
Adding file to TChain: root://cmsxrootd.fnal.gov//store/mc/RunIISummer20UL17NanoAODv9/TTTo2L2Nu_TuneCP5_13TeV-powheg-pythia8/NANOAODSIM/106X_mc2017_realistic_v9-v1/2510000/3851571D-5761-6544-8AD9-5E0BF62EE3EB.root
Adding file to TChain: root://cmsxrootd.fnal.gov//store/mc/RunIISummer20UL17NanoAODv9/TTTo2L2Nu_TuneCP5_13TeV-powheg-pythia8/NANOAODSIM/106X_mc2017_realistic_v9-v1/2510000/85C9F160-4573-7E44-8594-5D156977A2B1.root
Adding file to TChain: root://cmsxrootd.fnal.gov//store/mc/RunIISummer20UL17NanoAODv9/TTTo2L2Nu_TuneCP5_13TeV-powheg-pythia8/NANOAODSIM/106X_mc2017_realistic_v9-v1/2510000/39FAA3C8-01C8-0247-B4EF-849957BBF4D8.root
Adding file to TChain: root://cmsxrootd.fnal.gov//store/mc/RunIISummer20UL17NanoAODv9/TTTo2L2Nu_TuneCP5_13TeV-powheg-pythia8/NANOAODSIM/106X_mc2017_realistic_v9-v1/2510000/9703D08F-140C-0644-827C-8A65C7BC077D.root
Adding file to TChain: root://cmsxrootd.fnal.gov//store/mc/RunIISummer20UL17NanoAODv9/TTTo2L2Nu_TuneCP5_13TeV-powheg-pythia8/NANOAODSIM/106X_mc2017_realistic_v9-v1/2510000/60F46F09-86AE-B541-8A5A-DEB0A29A8D50.root
Adding file to TChain: root://cmsxrootd.fnal.gov//store/mc/RunIISummer20UL17NanoAODv9/TTTo2L2Nu_TuneCP5_13TeV-powheg-pythia8/NANOAODSIM/106X_mc2017_realistic_v9-v1/2510000/C6E08DC1-4848-7641-BD3F-9A43BFF2D243.root
Adding file to TChain: root://cmsxrootd.fnal.gov//store/mc/RunIISummer20UL17NanoAODv9/TTTo2L2Nu_TuneCP5_13TeV-powheg-pythia8/NANOAODSIM/106X_mc2017_realistic_v9-v1/2510000/D054A7BC-F56B-3449-AC90-13A424AEB278.root
Adding file to TChain: root://cmsxrootd.fnal.gov//store/mc/RunIISummer20UL17NanoAODv9/TTTo2L2Nu_TuneCP5_13TeV-powheg-pythia8/NANOAODSIM/106X_mc2017_realistic_v9-v1/2510000/4C1E172E-DA11-8C4E-B59D-0B3A46A8956B.root
Adding file to TChain: root://cmsxrootd.fnal.gov//store/mc/RunIISummer20UL17NanoAODv9/TTTo2L2Nu_TuneCP5_13TeV-powheg-pythia8/NANOAODSIM/106X_mc2017_realistic_v9-v1/2510000/72DE1A8F-B8E6-9C4E-A073-02C6036C7B00.root
Adding file to TChain: root://cmsxrootd.fnal.gov//store/mc/RunIISummer20UL17NanoAODv9/TTTo2L2Nu_TuneCP5_13TeV-powheg-pythia8/NANOAODSIM/106X_mc2017_realistic_v9-v1/2510000/6F596986-55FA-3B4D-A59E-F1784C86E33A.root
Adding file to TChain: root://cmsxrootd.fnal.gov//store/mc/RunIISummer20UL17NanoAODv9/TTTo2L2Nu_TuneCP5_13TeV-powheg-pythia8/NANOAODSIM/106X_mc2017_realistic_v9-v1/2510000/D7549169-B4BF-F647-BD04-C5909B36E5B6.root
Adding file to TChain: root://cmsxrootd.fnal.gov//store/mc/RunIISummer20UL17NanoAODv9/TTTo2L2Nu_TuneCP5_13TeV-powheg-pythia8/NANOAODSIM/106X_mc2017_realistic_v9-v1/2510000/56691C32-EA20-7D48-81DF-0C36CAFFC63D.root
Adding file to TChain: root://cmsxrootd.fnal.gov//store/mc/RunIISummer20UL17NanoAODv9/TTTo2L2Nu_TuneCP5_13TeV-powheg-pythia8/NANOAODSIM/106X_mc2017_realistic_v9-v1/2510000/69AEE8E9-76E4-C54C-BE33-ED74471E6143.root
Adding file to TChain: root://cmsxrootd.fnal.gov//store/mc/RunIISummer20UL17NanoAODv9/TTTo2L2Nu_TuneCP5_13TeV-powheg-pythia8/NANOAODSIM/106X_mc2017_realistic_v9-v1/2510000/9E3F7ECD-2D23-E74D-86E0-05F8B0A4FB8E.root
Adding file to TChain: root://cmsxrootd.fnal.gov//store/mc/RunIISummer20UL17NanoAODv9/TTTo2L2Nu_TuneCP5_13TeV-powheg-pythia8/NANOAODSIM/106X_mc2017_realistic_v9-v1/2510000/1E310FF3-C511-8E47-8522-5E0DEF793954.root
Adding file to TChain: root://cmsxrootd.fnal.gov//store/mc/RunIISummer20UL17NanoAODv9/TTTo2L2Nu_TuneCP5_13TeV-powheg-pythia8/NANOAODSIM/106X_mc2017_realistic_v9-v1/2510000/10C33CC0-846D-134B-99EA-F7E4200E9A48.root
Adding file to TChain: root://cmsxrootd.fnal.gov//store/mc/RunIISummer20UL17NanoAODv9/TTTo2L2Nu_TuneCP5_13TeV-powheg-pythia8/NANOAODSIM/106X_mc2017_realistic_v9-v1/2510000/35BE64F1-F2DE-5341-A512-577D39C45F42.root
Adding file to TChain: root://cmsxrootd.fnal.gov//store/mc/RunIISummer20UL17NanoAODv9/TTTo2L2Nu_TuneCP5_13TeV-powheg-pythia8/NANOAODSIM/106X_mc2017_realistic_v9-v1/2510000/CC3157D7-4718-BC4A-A661-2FF1AA1A0872.root
Adding file to TChain: root://cmsxrootd.fnal.gov//store/mc/RunIISummer20UL17NanoAODv9/TTTo2L2Nu_TuneCP5_13TeV-powheg-pythia8/NANOAODSIM/106X_mc2017_realistic_v9-v1/2510000/B3536766-FD4C-284B-AACB-31AE79E644B7.root
Adding file to TChain: root://cmsxrootd.fnal.gov//store/mc/RunIISummer20UL17NanoAODv9/TTTo2L2Nu_TuneCP5_13TeV-powheg-pythia8/NANOAODSIM/106X_mc2017_realistic_v9-v1/2510000/866362EF-FC12-0A43-93DF-D49E7B00BCA8.root
Adding file to TChain: root://cmsxrootd.fnal.gov//store/mc/RunIISummer20UL17NanoAODv9/TTTo2L2Nu_TuneCP5_13TeV-powheg-pythia8/NANOAODSIM/106X_mc2017_realistic_v9-v1/2510000/7B674270-A585-FB4E-ABF6-94B43FBA932C.root
Adding file to TChain: root://cmsxrootd.fnal.gov//store/mc/RunIISummer20UL17NanoAODv9/TTTo2L2Nu_TuneCP5_13TeV-powheg-pythia8/NANOAODSIM/106X_mc2017_realistic_v9-v1/2510000/782CD4C5-3F01-B546-9842-F69ED2682A7F.root
Adding file to TChain: root://cmsxrootd.fnal.gov//store/mc/RunIISummer20UL17NanoAODv9/TTTo2L2Nu_TuneCP5_13TeV-powheg-pythia8/NANOAODSIM/106X_mc2017_realistic_v9-v1/2510000/E51E35AD-594B-404F-9BE4-AB42DE6EAF35.root
Adding file to TChain: root://cmsxrootd.fnal.gov//store/mc/RunIISummer20UL17NanoAODv9/TTTo2L2Nu_TuneCP5_13TeV-powheg-pythia8/NANOAODSIM/106X_mc2017_realistic_v9-v1/2510000/FCB1FFA3-61A2-E54B-94F0-C04B0992FFEB.root
Adding file to TChain: root://cmsxrootd.fnal.gov//store/mc/RunIISummer20UL17NanoAODv9/TTTo2L2Nu_TuneCP5_13TeV-powheg-pythia8/NANOAODSIM/106X_mc2017_realistic_v9-v1/2510000/F27016A8-FFC4-2E48-85AE-06AE0E6A0DFF.root
Adding file to TChain: root://cmsxrootd.fnal.gov//store/mc/RunIISummer20UL17NanoAODv9/TTTo2L2Nu_TuneCP5_13TeV-powheg-pythia8/NANOAODSIM/106X_mc2017_realistic_v9-v1/2510000/1504C6FC-9533-FA40-87E8-55B10C3F3E07.root
Adding file to TChain: root://cmsxrootd.fnal.gov//store/mc/RunIISummer20UL17NanoAODv9/TTTo2L2Nu_TuneCP5_13TeV-powheg-pythia8/NANOAODSIM/106X_mc2017_realistic_v9-v1/2510000/A5FD3B0B-1E75-A245-9A3E-EECECEDDA65E.root
Adding file to TChain: root://cmsxrootd.fnal.gov//store/mc/RunIISummer20UL17NanoAODv9/TTTo2L2Nu_TuneCP5_13TeV-powheg-pythia8/NANOAODSIM/106X_mc2017_realistic_v9-v1/2510000/D5B7B72B-A0CF-DE43-8678-821B4747A966.root
Adding file to TChain: root://cmsxrootd.fnal.gov//store/mc/RunIISummer20UL17NanoAODv9/TTTo2L2Nu_TuneCP5_13TeV-powheg-pythia8/NANOAODSIM/106X_mc2017_realistic_v9-v1/2510000/E3B4030D-5D60-034B-ABE1-447CEA9E5765.root
Adding file to TChain: root://cmsxrootd.fnal.gov//store/mc/RunIISummer20UL17NanoAODv9/TTTo2L2Nu_TuneCP5_13TeV-powheg-pythia8/NANOAODSIM/106X_mc2017_realistic_v9-v1/2510000/4451B50C-1D09-6947-9003-1D7DA0F6E3AE.root
Adding file to TChain: root://cmsxrootd.fnal.gov//store/mc/RunIISummer20UL17NanoAODv9/TTTo2L2Nu_TuneCP5_13TeV-powheg-pythia8/NANOAODSIM/106X_mc2017_realistic_v9-v1/2510000/E587EB20-E717-0448-A9FF-229F12353B8C.root
Adding file to TChain: root://cmsxrootd.fnal.gov//store/mc/RunIISummer20UL17NanoAODv9/TTTo2L2Nu_TuneCP5_13TeV-powheg-pythia8/NANOAODSIM/106X_mc2017_realistic_v9-v1/2510000/D2300F07-5B3D-684A-B35D-E18AC9D754FB.root
Adding file to TChain: root://cmsxrootd.fnal.gov//store/mc/RunIISummer20UL17NanoAODv9/TTTo2L2Nu_TuneCP5_13TeV-powheg-pythia8/NANOAODSIM/106X_mc2017_realistic_v9-v1/2510000/A66739DA-6D17-0B41-AD65-90A82446A4E5.root
Adding file to TChain: root://cmsxrootd.fnal.gov//store/mc/RunIISummer20UL17NanoAODv9/TTTo2L2Nu_TuneCP5_13TeV-powheg-pythia8/NANOAODSIM/106X_mc2017_realistic_v9-v1/2510000/131109F0-D9F3-0A43-975E-265BC1CFE6FF.root
Adding file to TChain: root://cmsxrootd.fnal.gov//store/mc/RunIISummer20UL17NanoAODv9/TTTo2L2Nu_TuneCP5_13TeV-powheg-pythia8/NANOAODSIM/106X_mc2017_realistic_v9-v1/2510000/D9E7ED91-573E-7448-A31D-D7EB86D237D8.root
Adding file to TChain: root://cmsxrootd.fnal.gov//store/mc/RunIISummer20UL17NanoAODv9/TTTo2L2Nu_TuneCP5_13TeV-powheg-pythia8/NANOAODSIM/106X_mc2017_realistic_v9-v1/2510000/C8783F40-85E4-8A48-91E3-2C5AA8FE5213.root
Adding file to TChain: root://cmsxrootd.fnal.gov//store/mc/RunIISummer20UL17NanoAODv9/TTTo2L2Nu_TuneCP5_13TeV-powheg-pythia8/NANOAODSIM/106X_mc2017_realistic_v9-v1/2510000/BF8FF5C6-5FDC-534E-8BF5-12ABEDFCA3CA.root
Adding file to TChain: root://cmsxrootd.fnal.gov//store/mc/RunIISummer20UL17NanoAODv9/TTTo2L2Nu_TuneCP5_13TeV-powheg-pythia8/NANOAODSIM/106X_mc2017_realistic_v9-v1/2510000/AF4437CF-30C8-884A-907F-C38B9FAE821E.root
Adding file to TChain: root://cmsxrootd.fnal.gov//store/mc/RunIISummer20UL17NanoAODv9/TTTo2L2Nu_TuneCP5_13TeV-powheg-pythia8/NANOAODSIM/106X_mc2017_realistic_v9-v1/2510000/28AE318E-A365-9F4E-BF55-4F72B3B6FDCC.root
Adding file to TChain: root://cmsxrootd.fnal.gov//store/mc/RunIISummer20UL17NanoAODv9/TTTo2L2Nu_TuneCP5_13TeV-powheg-pythia8/NANOAODSIM/106X_mc2017_realistic_v9-v1/2510000/E98F6599-75C7-3341-9ECE-9A9A423FF662.root
Adding file to TChain: root://cmsxrootd.fnal.gov//store/mc/RunIISummer20UL17NanoAODv9/TTTo2L2Nu_TuneCP5_13TeV-powheg-pythia8/NANOAODSIM/106X_mc2017_realistic_v9-v1/2510000/B6274E15-4850-2042-8479-FEFC64C8832D.root
Adding file to TChain: root://cmsxrootd.fnal.gov//store/mc/RunIISummer20UL17NanoAODv9/TTTo2L2Nu_TuneCP5_13TeV-powheg-pythia8/NANOAODSIM/106X_mc2017_realistic_v9-v1/2510000/99037A80-6006-C744-8F01-941D83B5DD7D.root
Adding file to TChain: root://cmsxrootd.fnal.gov//store/mc/RunIISummer20UL17NanoAODv9/TTTo2L2Nu_TuneCP5_13TeV-powheg-pythia8/NANOAODSIM/106X_mc2017_realistic_v9-v1/2510000/F4B3D0FC-D68D-5B46-BF21-1F895746C910.root
Adding file to TChain: root://cmsxrootd.fnal.gov//store/mc/RunIISummer20UL17NanoAODv9/TTTo2L2Nu_TuneCP5_13TeV-powheg-pythia8/NANOAODSIM/106X_mc2017_realistic_v9-v1/2510000/212E5563-8FA2-7947-8E4B-257BA97EE645.root
Adding file to TChain: root://cmsxrootd.fnal.gov//store/mc/RunIISummer20UL17NanoAODv9/TTTo2L2Nu_TuneCP5_13TeV-powheg-pythia8/NANOAODSIM/106X_mc2017_realistic_v9-v1/2510000/F8026124-C3C3-424A-A0A2-0888756AED09.root
Adding file to TChain: root://cmsxrootd.fnal.gov//store/mc/RunIISummer20UL17NanoAODv9/TTTo2L2Nu_TuneCP5_13TeV-powheg-pythia8/NANOAODSIM/106X_mc2017_realistic_v9-v1/2510000/60250C73-6FA0-8246-8085-33EF0DEB619D.root
Adding file to TChain: root://cmsxrootd.fnal.gov//store/mc/RunIISummer20UL17NanoAODv9/TTTo2L2Nu_TuneCP5_13TeV-powheg-pythia8/NANOAODSIM/106X_mc2017_realistic_v9-v1/2510000/BECA664B-8911-5746-B733-DC1E0C020E9D.root
Adding file to TChain: root://cmsxrootd.fnal.gov//store/mc/RunIISummer20UL17NanoAODv9/TTTo2L2Nu_TuneCP5_13TeV-powheg-pythia8/NANOAODSIM/106X_mc2017_realistic_v9-v1/2510000/54CB3418-666A-C746-BBB3-BB06AD1C534B.root
Adding file to TChain: root://cmsxrootd.fnal.gov//store/mc/RunIISummer20UL17NanoAODv9/TTTo2L2Nu_TuneCP5_13TeV-powheg-pythia8/NANOAODSIM/106X_mc2017_realistic_v9-v1/2510000/F689F2EB-6A85-CE46-9AB0-BF87D586AFFD.root
Adding file to TChain: root://cmsxrootd.fnal.gov//store/mc/RunIISummer20UL17NanoAODv9/TTTo2L2Nu_TuneCP5_13TeV-powheg-pythia8/NANOAODSIM/106X_mc2017_realistic_v9-v1/2510000/EDDF6235-96DD-0D4D-92CF-7137CE93A78E.root
Adding file to TChain: root://cmsxrootd.fnal.gov//store/mc/RunIISummer20UL17NanoAODv9/TTTo2L2Nu_TuneCP5_13TeV-powheg-pythia8/NANOAODSIM/106X_mc2017_realistic_v9-v1/2510000/5C9A5D97-453B-0945-A6ED-98EC455C7DA9.root
Adding file to TChain: root://cmsxrootd.fnal.gov//store/mc/RunIISummer20UL17NanoAODv9/TTTo2L2Nu_TuneCP5_13TeV-powheg-pythia8/NANOAODSIM/106X_mc2017_realistic_v9-v1/2510000/256AAE58-DDF4-C44E-B33A-ABFC84CF8EE7.root
Adding file to TChain: root://cmsxrootd.fnal.gov//store/mc/RunIISummer20UL17NanoAODv9/TTTo2L2Nu_TuneCP5_13TeV-powheg-pythia8/NANOAODSIM/106X_mc2017_realistic_v9-v1/2510000/74C36AED-4CB9-1A4D-A9E6-90278C68131C.root
Adding file to TChain: root://cmsxrootd.fnal.gov//store/mc/RunIISummer20UL17NanoAODv9/TTTo2L2Nu_TuneCP5_13TeV-powheg-pythia8/NANOAODSIM/106X_mc2017_realistic_v9-v1/2510000/6C0AAC46-7607-1F4E-8F69-7632068C6F23.root
PRINT
-------------------------------------------------------------------
Total Number of Entries:
106724000
-------------------------------------------------------------------
Starting setupanalysis
Sample: TTbar_Dilept
Initial number of events: 106724000
Final number of events: 3919993
Number of overlapped events removed: 102804007
select good electrons
================================//=================================
Line : 83 Function : selectElectrons
================================//=================================
================================//=================================
Line : 1051 Function : ElectronID
================================//=================================
 TIGHT Electron ID requested   == 4
-------------------------------------------------------------------
tightElectrons_4vecs column successfully defined.
================================//=================================
Line : 1051 Function : ElectronID
================================//=================================
 VETO Electron ID requested    == 1
-------------------------------------------------------------------
================================//=================================
Line : 1051 Function : ElectronID
================================//=================================
 LOOSE Electron ID requested   == 2
-------------------------------------------------------------------
select good muons
================================//=================================
Line : 1090 Function : MuonID
================================//=================================
 TIGHT Muon ID requested as == 4
-------------------------------------------------------------------
================================//=================================
Line : 1090 Function : MuonID
================================//=================================
 Veto Muon ID requested   == 1
-------------------------------------------------------------------
 VETO Muon ID requested == 1, but it doesn't exist in the nanoAOD branches. It is moved to loose MuonID. 1
================================//=================================
Line : 1090 Function : MuonID
================================//=================================
 LOOSE Muon ID requested  == 2
-------------------------------------------------------------------

================================//=================================
Line : 69 Function : selectChannel
================================//=================================
select good jets
Jet_hadronFlavour branch is found in the input file.
================================//=================================
Line : 1135 Function : JetID
================================//=================================
 JET ID requested  == 6
Select good photons
================================//=================================
Line : 1021 Function : PhotonID
================================//=================================
MEDIUM Photon ID requested  == 2
-------------------------------------------------------------------
Checking overlaps between jets, muons, electrons, and photons
Defining muonjetoverlap
Defining electronjetoverlap
Defining jetNoOverlapWithLeptons
Defining cleanedJetsWithLeptons
Defining Selected_jetpt
Defining other jet properties
BJet SF column name: btag_SF_central
BJet SF column name: btag_SF_up
BJet SF column name: btag_SF_down
BJet SF column name: btag_SF_up_correlated
BJet SF column name: btag_SF_down_correlated
BJet SF column name: btag_SF_uncorrelated
muon HLT SF for MC 
Muon SF column name: muon_SF_central
Muon SF column name: muon_SF_up
Muon SF column name: muon_SF_down
Muon SF column name: muon_SF_syst
Electron SF column name: ele_SF_central
Electron SF column name: ele_SF_up
Electron SF column name: ele_SF_down
================================//=================================
Line : 707 Function : selectMET
================================//=================================
================================//=================================
Line : 979 Function : setupAnalysis
================================//=================================
year====2017==runtype=== UL
Sum of genWeights = 7695841652.167358
================================//=================================
Line : 34 Function : defineCuts
================================//=================================
-------------------------------------------------------------------
Usage of ranges:
 - All entries: 3919993
-------------------------------------------------------------------
================================//=================================
Line : 726 Function : defineMoreVars
================================//=================================
Gen-level variables added.
================================//=================================
Line : 887 Function : bookHists
================================//=================================
setting up definitions, cuts, and histograms
evWeight not found at 
-------------------------------------------------------------------
cut :  --writing branches
-------------------------------------------------------------------
_photonIsGenuine
_photonIsMisIDEle
_photonIsHadronicPhoton
_photonIsHadronicFake
run
luminosityBlock
event
evWeight
muonChannel
electronChannel
nElectron
Electron_pt
Electron_eta
Electron_charge
NgoodElectrons
goodElectrons_pt
goodElectrons_eta
NtightElectrons
tightElectrons_pt
tightElectrons_eta
nMuon
Muon_charge
Muon_pt
Muon_eta
Muon_mass
NgoodMuons
goodMuons_pt
goodMuons_eta
NtightMuons
tightMuons_pt
tightMuons_eta
NgoodPhotons
goodPhotons_pt
goodPhotons_eta
nJet
Jet_pt
NgoodJets
goodJets_pt
Selected_jetpt
Selected_jeteta
Selected_jetbtag
good_bjetdeepcsvjet
Ngood_bjets
Selected_jethadflav
goodJets_hadflav
good_bjethadflav
Selected_bjethadflav
Jet_pt_corr
Jet_pt_corr_up
Jet_pt_corr_down
Jet_pt_relerror
MET_pt_corr
MET_pt
MET_phi
btag_SF_central
btag_SF_up
btag_SF_down
muon_SF_central
muon_SF_id_sf
muon_SF_id_syst
muon_SF_id_systup
muon_SF_id_systdown
muon_SF_iso_sf
ele_SF_central
ele_SF_id_sf
ele_SF_id_sfup
ele_SF_id_sfdown
GenPartpt
GenParteta
GenPartphi
GenPartmass
GenPartpdgId
nGenPart
240815 17:07:32 1568565 secgsi_GetCACheck: CRL entry for '1e49ade3.0:1' needs refreshing: clean the related entry cache first (0x7f87480331b0)
-------------------------------------------------------------------
Creating output root file :  
/eos/uscms/store/user/snehshuc/test/2017/TTbar_Dilept_300.root 
-------------------------------------------------------------------
Writing histograms...   
-------------------------------------------------------------------
TH1.Print Name  = hNtightElectrons_cut1, Entries= 1989417, Total sum= 1.78974e+08
TH1.Print Name  = hNtightElectrons_cut2, Entries= 3795610, Total sum= 3.55246e+08
TH1.Print Name  = hNtightElectrons_cut3, Entries= 1619332, Total sum= 1.4535e+08
TH1.Print Name  = hNtightElectrons_nocut, Entries= 3919993, Total sum= 3.66795e+08
TH1.Print Name  = hNtightMuons_cut1, Entries= 1989417, Total sum= 1.78974e+08
TH1.Print Name  = hNtightMuons_cut2, Entries= 3795610, Total sum= 3.55246e+08
TH1.Print Name  = hNtightMuons_cut3, Entries= 1619332, Total sum= 1.4535e+08
TH1.Print Name  = hNtightMuons_nocut, Entries= 3919993, Total sum= 3.66795e+08
TH1.Print Name  = hgood_jet1pt_cut1, Entries= 1989417, Total sum= 1.76278e+08
TH1.Print Name  = hgood_jet1pt_cut2, Entries= 3795610, Total sum= 3.50591e+08
TH1.Print Name  = hgood_jet1pt_cut3, Entries= 1619332, Total sum= 1.43234e+08
TH1.Print Name  = hgood_jet1pt_nocut, Entries= 3919993, Total sum= 3.6166e+08
TH1.Print Name  = hgood_jetpt_NOWeight_cut1, Entries= 5684885, Total sum= 5.68439e+06
TH1.Print Name  = hgood_jetpt_NOWeight_cut2, Entries= 11144423, Total sum= 1.11434e+07
TH1.Print Name  = hgood_jetpt_NOWeight_cut3, Entries= 4658878, Total sum= 4.6584e+06
TH1.Print Name  = hgood_jetpt_NOWeight_nocut, Entries= 11450216, Total sum= 1.14492e+07
TH1.Print Name  = hgood_jetpt_with weight_cut1, Entries= 5684885, Total sum= 5.66666e+08
TH1.Print Name  = hgood_jetpt_with weight_cut2, Entries= 11144423, Total sum= 1.15892e+09
TH1.Print Name  = hgood_jetpt_with weight_cut3, Entries= 4658878, Total sum= 4.6189e+08
TH1.Print Name  = hgood_jetpt_with weight_nocut, Entries= 11450216, Total sum= 1.1907e+09
TH1.Print Name  = hnevents_cut1, Entries= 1989417, Total sum= 1.78974e+08
TH1.Print Name  = hnevents_cut2, Entries= 3795610, Total sum= 3.55246e+08
TH1.Print Name  = hnevents_cut3, Entries= 1619332, Total sum= 1.4535e+08
TH1.Print Name  = hnevents_no_weight_cut1, Entries= 1989417, Total sum= 1.98942e+06
TH1.Print Name  = hnevents_no_weight_cut2, Entries= 3795610, Total sum= 3.79561e+06
TH1.Print Name  = hnevents_no_weight_cut3, Entries= 1619332, Total sum= 1.61933e+06
TH1.Print Name  = hnevents_no_weight_nocut, Entries= 3919993, Total sum= 3.91999e+06
TH1.Print Name  = hnevents_nocut, Entries= 3919993, Total sum= 3.66795e+08
TH1.Print Name  = hselected_jet1pt_cut1, Entries= 1989417, Total sum= 1.75723e+08
TH1.Print Name  = hselected_jet1pt_cut2, Entries= 3795610, Total sum= 3.49748e+08
TH1.Print Name  = hselected_jet1pt_cut3, Entries= 1619332, Total sum= 1.42739e+08
TH1.Print Name  = hselected_jet1pt_nocut, Entries= 3919993, Total sum= 3.60816e+08
TH1.Print Name  = hselected_jetptNoweight_cut1, Entries= 5427863, Total sum= 5.42786e+06
TH1.Print Name  = hselected_jetptNoweight_cut2, Entries= 10777338, Total sum= 1.07773e+07
TH1.Print Name  = hselected_jetptNoweight_cut3, Entries= 4403981, Total sum= 4.40398e+06
TH1.Print Name  = hselected_jetptNoweight_nocut, Entries= 11083131, Total sum= 1.10831e+07
TH1.Print Name  = hselected_jetptWithweight_cut1, Entries= 5427863, Total sum= 5.44054e+08
TH1.Print Name  = hselected_jetptWithweight_cut2, Entries= 10777338, Total sum= 1.1265e+09
TH1.Print Name  = hselected_jetptWithweight_cut3, Entries= 4403981, Total sum= 4.38657e+08
TH1.Print Name  = hselected_jetptWithweight_nocut, Entries= 11083131, Total sum= 1.15828e+09
-------------------------------------------------------------------
END...  :) 
Processing complete.
